<?xml version="1.0" encoding="UTF-8"?>
<!-- Generated by org.testng.reporters.JUnitXMLReporter -->
<testsuite hostname="DESKTOP-SQUR7HE" ignored="0" name="Default test" tests="6" failures="0" timestamp="2022-12-01T16:07:53 IST" time="14.666" errors="0">
  <testcase name="test" time="4.318" classname="com.fw.HybridDriverFW"/>
  <testcase name="test" time="2.984" classname="com.fw.HybridDriverFW"/>
  <testcase name="test" time="2.159" classname="com.fw.HybridDriverFW"/>
  <testcase name="test" time="2.149" classname="com.fw.HybridDriverFW"/>
  <testcase name="test" time="2.212" classname="com.fw.HybridDriverFW"/>
  <testcase name="test" time="0.169" classname="com.fw.HybridDriverFW"/>
</testsuite> <!-- Default test -->
