<?xml version="1.0" encoding="UTF-8"?>
<testng-results skipped="0" failed="0" ignored="0" total="2" passed="2">
  <reporter-output>
  </reporter-output>
  <suite name="Default suite" duration-ms="33288" started-at="2022-12-01T14:13:32 IST" finished-at="2022-12-01T14:14:05 IST">
    <groups>
    </groups>
    <test name="Default test" duration-ms="33288" started-at="2022-12-01T14:13:32 IST" finished-at="2022-12-01T14:14:05 IST">
      <class name="com.ng.Data_Provider">
        <test-method status="PASS" signature="f(java.lang.String,java.lang.String)[pri:0, instance:com.ng.Data_Provider@3b088d51]" name="f" duration-ms="17336" started-at="2022-12-01T14:13:32 IST" data-provider="jigar" finished-at="2022-12-01T14:13:49 IST">
          <params>
            <param index="0">
              <value>
                <![CDATA[standard_user]]>
              </value>
            </param>
            <param index="1">
              <value>
                <![CDATA[secret_sauce]]>
              </value>
            </param>
          </params>
          <reporter-output>
          </reporter-output>
        </test-method> <!-- f -->
        <test-method status="PASS" signature="f(java.lang.String,java.lang.String)[pri:0, instance:com.ng.Data_Provider@3b088d51]" name="f" duration-ms="15892" started-at="2022-12-01T14:13:49 IST" data-provider="jigar" finished-at="2022-12-01T14:14:05 IST">
          <params>
            <param index="0">
              <value>
                <![CDATA[problem_user]]>
              </value>
            </param>
            <param index="1">
              <value>
                <![CDATA[secret_sauce]]>
              </value>
            </param>
          </params>
          <reporter-output>
          </reporter-output>
        </test-method> <!-- f -->
      </class> <!-- com.ng.Data_Provider -->
    </test> <!-- Default test -->
  </suite> <!-- Default suite -->
</testng-results>
